[2026-02-05T07:31:47.657Z] Watchdog started
[2026-02-05T07:31:47.657Z] Watchdog started
[2026-02-05T07:31:47.660Z] Gateway started with PID 292203
[2026-02-05T07:31:47.660Z] Gateway started with PID 292203
node:internal/modules/cjs/loader:1386
  throw err;
  ^

Error: Cannot find module '/home/amir/Projects/NEURABOT/scripts/systemd/dist/index.js'
    at Function._resolveFilename (node:internal/modules/cjs/loader:1383:15)
    at defaultResolveImpl (node:internal/modules/cjs/loader:1025:19)
    at resolveForCJSWithHooks (node:internal/modules/cjs/loader:1030:22)
    at Function._load (node:internal/modules/cjs/loader:1192:37)
    at TracingChannel.traceSync (node:diagnostics_channel:328:14)
    at wrapModuleLoad (node:internal/modules/cjs/loader:237:24)
    at Function.executeUserEntryPoint [as runMain] (node:internal/modules/run_main:171:5)
    at node:internal/main/run_main_module:36:49 {
  code: 'MODULE_NOT_FOUND',
  requireStack: []
}

Node.js v22.22.0
[2026-02-05T07:32:17.687Z] Gateway not running, starting...
[2026-02-05T07:32:17.687Z] Gateway not running, starting...
[2026-02-05T07:32:17.690Z] Gateway started with PID 292315
[2026-02-05T07:32:17.690Z] Gateway started with PID 292315
node:internal/modules/cjs/loader:1386
  throw err;
  ^

Error: Cannot find module '/home/amir/Projects/NEURABOT/scripts/systemd/dist/index.js'
    at Function._resolveFilename (node:internal/modules/cjs/loader:1383:15)
    at defaultResolveImpl (node:internal/modules/cjs/loader:1025:19)
    at resolveForCJSWithHooks (node:internal/modules/cjs/loader:1030:22)
    at Function._load (node:internal/modules/cjs/loader:1192:37)
    at TracingChannel.traceSync (node:diagnostics_channel:328:14)
    at wrapModuleLoad (node:internal/modules/cjs/loader:237:24)
    at Function.executeUserEntryPoint [as runMain] (node:internal/modules/run_main:171:5)
    at node:internal/main/run_main_module:36:49 {
  code: 'MODULE_NOT_FOUND',
  requireStack: []
}

Node.js v22.22.0
[2026-02-04T23:32:27-08:00] Watchdog started
[2026-02-04T23:32:27-08:00] Watchdog started
[2026-02-04T23:32:27-08:00] Watchdog daemon started (PID 292398)
[2026-02-04T23:32:27-08:00] Gateway started with PID 292402
[2026-02-04T23:32:27-08:00] Gateway started with PID 292402
node:internal/modules/cjs/loader:1386
  throw err;
  ^

Error: Cannot find module '/home/amir/Projects/NEURABOT/scripts/systemd/dist/index.js'
    at Function._resolveFilename (node:internal/modules/cjs/loader:1383:15)
    at defaultResolveImpl (node:internal/modules/cjs/loader:1025:19)
    at resolveForCJSWithHooks (node:internal/modules/cjs/loader:1030:22)
    at Function._load (node:internal/modules/cjs/loader:1192:37)
    at TracingChannel.traceSync (node:diagnostics_channel:328:14)
    at wrapModuleLoad (node:internal/modules/cjs/loader:237:24)
    at Function.executeUserEntryPoint [as runMain] (node:internal/modules/run_main:171:5)
    at node:internal/main/run_main_module:36:49 {
  code: 'MODULE_NOT_FOUND',
  requireStack: []
}

Node.js v22.22.0
[2026-02-05T07:32:47.715Z] Gateway not running, starting...
[2026-02-05T07:32:47.715Z] Gateway not running, starting...
[2026-02-05T07:32:47.718Z] Gateway started with PID 292483
[2026-02-05T07:32:47.718Z] Gateway started with PID 292483
node:internal/modules/cjs/loader:1386
  throw err;
  ^

Error: Cannot find module '/home/amir/Projects/NEURABOT/scripts/systemd/dist/index.js'
    at Function._resolveFilename (node:internal/modules/cjs/loader:1383:15)
    at defaultResolveImpl (node:internal/modules/cjs/loader:1025:19)
    at resolveForCJSWithHooks (node:internal/modules/cjs/loader:1030:22)
    at Function._load (node:internal/modules/cjs/loader:1192:37)
    at TracingChannel.traceSync (node:diagnostics_channel:328:14)
    at wrapModuleLoad (node:internal/modules/cjs/loader:237:24)
    at Function.executeUserEntryPoint [as runMain] (node:internal/modules/run_main:171:5)
    at node:internal/main/run_main_module:36:49 {
  code: 'MODULE_NOT_FOUND',
  requireStack: []
}

Node.js v22.22.0
[2026-02-04T23:32:57-08:00] Gateway not running, starting...
[2026-02-04T23:32:57-08:00] Gateway not running, starting...
[2026-02-04T23:32:57-08:00] Gateway started with PID 292739
[2026-02-04T23:32:57-08:00] Gateway started with PID 292739
node:internal/modules/cjs/loader:1386
  throw err;
  ^

Error: Cannot find module '/home/amir/Projects/NEURABOT/scripts/systemd/dist/index.js'
    at Function._resolveFilename (node:internal/modules/cjs/loader:1383:15)
    at defaultResolveImpl (node:internal/modules/cjs/loader:1025:19)
    at resolveForCJSWithHooks (node:internal/modules/cjs/loader:1030:22)
    at Function._load (node:internal/modules/cjs/loader:1192:37)
    at TracingChannel.traceSync (node:diagnostics_channel:328:14)
    at wrapModuleLoad (node:internal/modules/cjs/loader:237:24)
    at Function.executeUserEntryPoint [as runMain] (node:internal/modules/run_main:171:5)
    at node:internal/main/run_main_module:36:49 {
  code: 'MODULE_NOT_FOUND',
  requireStack: []
}

Node.js v22.22.0
[2026-02-05T07:33:02.776Z] Received SIGTERM, shutting down...
[2026-02-05T07:33:02.776Z] Received SIGTERM, shutting down...
[2026-02-04T23:33:27-08:00] Gateway not running, starting...
[2026-02-04T23:33:27-08:00] Gateway not running, starting...
[2026-02-04T23:33:27-08:00] Gateway started with PID 292840
[2026-02-04T23:33:27-08:00] Gateway started with PID 292840
node:internal/modules/cjs/loader:1386
  throw err;
  ^

Error: Cannot find module '/home/amir/Projects/NEURABOT/scripts/systemd/dist/index.js'
    at Function._resolveFilename (node:internal/modules/cjs/loader:1383:15)
    at defaultResolveImpl (node:internal/modules/cjs/loader:1025:19)
    at resolveForCJSWithHooks (node:internal/modules/cjs/loader:1030:22)
    at Function._load (node:internal/modules/cjs/loader:1192:37)
    at TracingChannel.traceSync (node:diagnostics_channel:328:14)
    at wrapModuleLoad (node:internal/modules/cjs/loader:237:24)
    at Function.executeUserEntryPoint [as runMain] (node:internal/modules/run_main:171:5)
    at node:internal/main/run_main_module:36:49 {
  code: 'MODULE_NOT_FOUND',
  requireStack: []
}

Node.js v22.22.0
[2026-02-04T23:33:57-08:00] Gateway not running, starting...
[2026-02-04T23:33:57-08:00] Gateway not running, starting...
[2026-02-04T23:33:57-08:00] Gateway started with PID 292916
[2026-02-04T23:33:57-08:00] Gateway started with PID 292916
node:internal/modules/cjs/loader:1386
  throw err;
  ^

Error: Cannot find module '/home/amir/Projects/NEURABOT/scripts/systemd/dist/index.js'
    at Function._resolveFilename (node:internal/modules/cjs/loader:1383:15)
    at defaultResolveImpl (node:internal/modules/cjs/loader:1025:19)
    at resolveForCJSWithHooks (node:internal/modules/cjs/loader:1030:22)
    at Function._load (node:internal/modules/cjs/loader:1192:37)
    at TracingChannel.traceSync (node:diagnostics_channel:328:14)
    at wrapModuleLoad (node:internal/modules/cjs/loader:237:24)
    at Function.executeUserEntryPoint [as runMain] (node:internal/modules/run_main:171:5)
    at node:internal/main/run_main_module:36:49 {
  code: 'MODULE_NOT_FOUND',
  requireStack: []
}

Node.js v22.22.0
[2026-02-04T23:34:27-08:00] Gateway not running, starting...
[2026-02-04T23:34:27-08:00] Gateway not running, starting...
[2026-02-04T23:34:27-08:00] Gateway started with PID 293009
[2026-02-04T23:34:27-08:00] Gateway started with PID 293009
node:internal/modules/cjs/loader:1386
  throw err;
  ^

Error: Cannot find module '/home/amir/Projects/NEURABOT/scripts/systemd/dist/index.js'
    at Function._resolveFilename (node:internal/modules/cjs/loader:1383:15)
    at defaultResolveImpl (node:internal/modules/cjs/loader:1025:19)
    at resolveForCJSWithHooks (node:internal/modules/cjs/loader:1030:22)
    at Function._load (node:internal/modules/cjs/loader:1192:37)
    at TracingChannel.traceSync (node:diagnostics_channel:328:14)
    at wrapModuleLoad (node:internal/modules/cjs/loader:237:24)
    at Function.executeUserEntryPoint [as runMain] (node:internal/modules/run_main:171:5)
    at node:internal/main/run_main_module:36:49 {
  code: 'MODULE_NOT_FOUND',
  requireStack: []
}

Node.js v22.22.0
[2026-02-04T23:34:57-08:00] Gateway not running, starting...
[2026-02-04T23:34:57-08:00] Gateway not running, starting...
[2026-02-04T23:34:57-08:00] Gateway started with PID 293134
[2026-02-04T23:34:57-08:00] Gateway started with PID 293134
node:internal/modules/cjs/loader:1386
  throw err;
  ^

Error: Cannot find module '/home/amir/Projects/NEURABOT/scripts/systemd/dist/index.js'
    at Function._resolveFilename (node:internal/modules/cjs/loader:1383:15)
    at defaultResolveImpl (node:internal/modules/cjs/loader:1025:19)
    at resolveForCJSWithHooks (node:internal/modules/cjs/loader:1030:22)
    at Function._load (node:internal/modules/cjs/loader:1192:37)
    at TracingChannel.traceSync (node:diagnostics_channel:328:14)
    at wrapModuleLoad (node:internal/modules/cjs/loader:237:24)
    at Function.executeUserEntryPoint [as runMain] (node:internal/modules/run_main:171:5)
    at node:internal/main/run_main_module:36:49 {
  code: 'MODULE_NOT_FOUND',
  requireStack: []
}

Node.js v22.22.0
