[2026-02-04T23:34:35-08:00] Watchdog daemon started (PID 293055)
[2026-02-04T23:34:35-08:00] Watchdog started
[2026-02-04T23:34:35-08:00] Watchdog started
[2026-02-04T23:34:35-08:00] Gateway started with PID 293058
[2026-02-04T23:34:35-08:00] Gateway started with PID 293058
node:internal/modules/cjs/loader:1386
  throw err;
  ^

Error: Cannot find module '/home/amir/Projects/NEURABOT/scripts/dist/index.js'
    at Function._resolveFilename (node:internal/modules/cjs/loader:1383:15)
    at defaultResolveImpl (node:internal/modules/cjs/loader:1025:19)
    at resolveForCJSWithHooks (node:internal/modules/cjs/loader:1030:22)
    at Function._load (node:internal/modules/cjs/loader:1192:37)
    at TracingChannel.traceSync (node:diagnostics_channel:328:14)
    at wrapModuleLoad (node:internal/modules/cjs/loader:237:24)
    at Function.executeUserEntryPoint [as runMain] (node:internal/modules/run_main:171:5)
    at node:internal/main/run_main_module:36:49 {
  code: 'MODULE_NOT_FOUND',
  requireStack: []
}

Node.js v22.22.0
[2026-02-04T23:35:05-08:00] Gateway not running, starting...
[2026-02-04T23:35:05-08:00] Gateway not running, starting...
[2026-02-04T23:35:05-08:00] Gateway started with PID 293169
[2026-02-04T23:35:05-08:00] Gateway started with PID 293169
node:internal/modules/cjs/loader:1386
  throw err;
  ^

Error: Cannot find module '/home/amir/Projects/NEURABOT/scripts/dist/index.js'
    at Function._resolveFilename (node:internal/modules/cjs/loader:1383:15)
    at defaultResolveImpl (node:internal/modules/cjs/loader:1025:19)
    at resolveForCJSWithHooks (node:internal/modules/cjs/loader:1030:22)
    at Function._load (node:internal/modules/cjs/loader:1192:37)
    at TracingChannel.traceSync (node:diagnostics_channel:328:14)
    at wrapModuleLoad (node:internal/modules/cjs/loader:237:24)
    at Function.executeUserEntryPoint [as runMain] (node:internal/modules/run_main:171:5)
    at node:internal/main/run_main_module:36:49 {
  code: 'MODULE_NOT_FOUND',
  requireStack: []
}

Node.js v22.22.0
[2026-02-04T23:35:35-08:00] Gateway not running, starting...
[2026-02-04T23:35:35-08:00] Gateway not running, starting...
[2026-02-04T23:35:35-08:00] Gateway started with PID 293298
[2026-02-04T23:35:35-08:00] Gateway started with PID 293298
node:internal/modules/cjs/loader:1386
  throw err;
  ^

Error: Cannot find module '/home/amir/Projects/NEURABOT/scripts/dist/index.js'
    at Function._resolveFilename (node:internal/modules/cjs/loader:1383:15)
    at defaultResolveImpl (node:internal/modules/cjs/loader:1025:19)
    at resolveForCJSWithHooks (node:internal/modules/cjs/loader:1030:22)
    at Function._load (node:internal/modules/cjs/loader:1192:37)
    at TracingChannel.traceSync (node:diagnostics_channel:328:14)
    at wrapModuleLoad (node:internal/modules/cjs/loader:237:24)
    at Function.executeUserEntryPoint [as runMain] (node:internal/modules/run_main:171:5)
    at node:internal/main/run_main_module:36:49 {
  code: 'MODULE_NOT_FOUND',
  requireStack: []
}

Node.js v22.22.0
[2026-02-04T23:36:09-08:00] Watchdog daemon started (PID 293364)
[2026-02-04T23:36:09-08:00] Watchdog started
[2026-02-04T23:36:09-08:00] Gateway started with PID 293367
node:internal/modules/cjs/loader:1386
  throw err;
  ^

Error: Cannot find module '/home/amir/Projects/NEURABOT/scripts/dist/index.js'
    at Function._resolveFilename (node:internal/modules/cjs/loader:1383:15)
    at defaultResolveImpl (node:internal/modules/cjs/loader:1025:19)
    at resolveForCJSWithHooks (node:internal/modules/cjs/loader:1030:22)
    at Function._load (node:internal/modules/cjs/loader:1192:37)
    at TracingChannel.traceSync (node:diagnostics_channel:328:14)
    at wrapModuleLoad (node:internal/modules/cjs/loader:237:24)
    at Function.executeUserEntryPoint [as runMain] (node:internal/modules/run_main:171:5)
    at node:internal/main/run_main_module:36:49 {
  code: 'MODULE_NOT_FOUND',
  requireStack: []
}

Node.js v22.22.0
[2026-02-04T23:37:04-08:00] Watchdog started
[2026-02-04T23:37:04-08:00] Watchdog daemon PID 293475
[2026-02-04T23:37:04-08:00] Gateway started with PID 293479
node:internal/modules/cjs/loader:1386
  throw err;
  ^

Error: Cannot find module '/home/amir/Projects/NEURABOT/scripts/dist/index.js'
    at Function._resolveFilename (node:internal/modules/cjs/loader:1383:15)
    at defaultResolveImpl (node:internal/modules/cjs/loader:1025:19)
    at resolveForCJSWithHooks (node:internal/modules/cjs/loader:1030:22)
    at Function._load (node:internal/modules/cjs/loader:1192:37)
    at TracingChannel.traceSync (node:diagnostics_channel:328:14)
    at wrapModuleLoad (node:internal/modules/cjs/loader:237:24)
    at Function.executeUserEntryPoint [as runMain] (node:internal/modules/run_main:171:5)
    at node:internal/main/run_main_module:36:49 {
  code: 'MODULE_NOT_FOUND',
  requireStack: []
}

Node.js v22.22.0
[2026-02-04T23:37:39-08:00] Daemon PID 
[2026-02-04T23:37:39-08:00] Watchdog started
[2026-02-04T23:37:39-08:00] Started gateway PID 293552
node:internal/modules/cjs/loader:1386
  throw err;
  ^

Error: Cannot find module '/home/amir/Projects/NEURABOT/scripts/dist/index.js'
    at Function._resolveFilename (node:internal/modules/cjs/loader:1383:15)
    at defaultResolveImpl (node:internal/modules/cjs/loader:1025:19)
    at resolveForCJSWithHooks (node:internal/modules/cjs/loader:1030:22)
    at Function._load (node:internal/modules/cjs/loader:1192:37)
    at TracingChannel.traceSync (node:diagnostics_channel:328:14)
    at wrapModuleLoad (node:internal/modules/cjs/loader:237:24)
    at Function.executeUserEntryPoint [as runMain] (node:internal/modules/run_main:171:5)
    at node:internal/main/run_main_module:36:49 {
  code: 'MODULE_NOT_FOUND',
  requireStack: []
}

Node.js v22.22.0
[2026-02-04T23:38:09-08:00] Gateway down, restarting...
[2026-02-04T23:38:09-08:00] Started gateway PID 293697
node:internal/modules/cjs/loader:1386
  throw err;
  ^

Error: Cannot find module '/home/amir/Projects/NEURABOT/scripts/dist/index.js'
    at Function._resolveFilename (node:internal/modules/cjs/loader:1383:15)
    at defaultResolveImpl (node:internal/modules/cjs/loader:1025:19)
    at resolveForCJSWithHooks (node:internal/modules/cjs/loader:1030:22)
    at Function._load (node:internal/modules/cjs/loader:1192:37)
    at TracingChannel.traceSync (node:diagnostics_channel:328:14)
    at wrapModuleLoad (node:internal/modules/cjs/loader:237:24)
    at Function.executeUserEntryPoint [as runMain] (node:internal/modules/run_main:171:5)
    at node:internal/main/run_main_module:36:49 {
  code: 'MODULE_NOT_FOUND',
  requireStack: []
}

Node.js v22.22.0
